19.1861 	DEBUG 	Fullscreen settings ignored as running in pilot mode.
19.1868 	INFO 	Loaded monitor calibration from ['2023_02_15 11:47']
20.2127 	EXP 	Created window1 = Window(allowGUI=True, allowStencil=False, autoLog=True, backendConf=UNKNOWN, backgroundFit=<method-wrapper '__getattribute__' of attributeSetter object at 0x000002191B947070>, backgroundImage=<method-wrapper '__getattribute__' of attributeSetter object at 0x000002191B940FD0>, bitsMode=UNKNOWN, blendMode='avg', bpc=(8, 8, 8), color=array([0, 0, 0]), colorSpace='rgb', depthBits=8, fullscr=<method-wrapper '__getattribute__' of attributeSetter object at 0x000002191B940E20>, gamma=None, gammaErrorPolicy='raise', infoMsg=UNKNOWN, lms=UNKNOWN, monitor=<psychopy.monitors.calibTools.Monitor object at 0x000002191FE7B580>, multiSample=False, name='window1', numSamples=2, pos=[560.0, 240.0], screen=0, size=array([800, 600]), stencilBits=0, stereo=False, title='PsychoPy', units='height', useFBO=True, useRetina=False, viewOri=0.0, viewPos=None, viewScale=None, waitBlanking=True, winType='pyglet')
20.2130 	EXP 	window1: mouseVisible = True
20.2130 	EXP 	window1: backgroundImage = ''
20.2131 	EXP 	window1: backgroundFit = 'none'
20.2132 	EXP 	window1: mouseVisible = True
20.2134 	EXP 	window1: mouseVisible = True
20.2153 	EXP 	window1: mouseVisible = True
20.2159 	EXP 	window1: mouseVisible = True
20.2326 	DEBUG 	TextBox2 loaded 1 chars with 0 blanks and 1 valid
20.2346 	DEBUG 	TextBox2 loaded 1 chars with 0 blanks and 1 valid
20.2366 	DEBUG 	TextBox2 loaded 1 chars with 0 blanks and 1 valid
20.2388 	DEBUG 	TextBox2 loaded 1 chars with 0 blanks and 1 valid
20.2409 	DEBUG 	TextBox2 loaded 1 chars with 0 blanks and 1 valid
20.2426 	DEBUG 	TextBox2 loaded 1 chars with 0 blanks and 1 valid
20.2454 	DEBUG 	TextBox2 loaded 1 chars with 0 blanks and 1 valid
20.2476 	DEBUG 	TextBox2 loaded 1 chars with 0 blanks and 1 valid
20.2490 	DEBUG 	TextBox2 loaded 1 chars with 0 blanks and 1 valid
20.2504 	DEBUG 	TextBox2 loaded 1 chars with 0 blanks and 1 valid
20.2523 	DEBUG 	TextBox2 loaded 1 chars with 0 blanks and 1 valid
20.2541 	DEBUG 	TextBox2 loaded 1 chars with 0 blanks and 1 valid
20.2559 	DEBUG 	TextBox2 loaded 1 chars with 0 blanks and 1 valid
20.2577 	DEBUG 	TextBox2 loaded 1 chars with 0 blanks and 1 valid
20.2595 	DEBUG 	TextBox2 loaded 1 chars with 0 blanks and 1 valid
20.2614 	DEBUG 	TextBox2 loaded 1 chars with 0 blanks and 1 valid
20.2633 	DEBUG 	TextBox2 loaded 1 chars with 0 blanks and 1 valid
20.2648 	DEBUG 	TextBox2 loaded 1 chars with 0 blanks and 1 valid
20.2664 	DEBUG 	TextBox2 loaded 1 chars with 0 blanks and 1 valid
20.2685 	DEBUG 	TextBox2 loaded 1 chars with 0 blanks and 1 valid
20.2701 	DEBUG 	TextBox2 loaded 1 chars with 0 blanks and 1 valid
20.2704 	DEBUG 	Uploading Texture Font fontname to graphics card
20.2886 	DEBUG 	Upload of Texture Font fontname complete
20.2904 	EXP 	window1: mouseVisible = True
20.2907 	EXP 	window1: mouseVisible = True
20.2915 	EXP 	window1: mouseVisible = True
20.2922 	EXP 	window1: mouseVisible = True
20.3070 	DEBUG 	TextBox2 loaded 1 chars with 0 blanks and 1 valid
20.3092 	DEBUG 	TextBox2 loaded 1 chars with 0 blanks and 1 valid
20.3113 	DEBUG 	TextBox2 loaded 1 chars with 0 blanks and 1 valid
20.3117 	DEBUG 	Uploading Texture Font fontname to graphics card
20.3312 	DEBUG 	Upload of Texture Font fontname complete
20.3335 	EXP 	window1: Attempting to measure frame rate of screen (0) ...
20.3335 	EXP 	window1: recordFrameIntervals = False
20.4953 	EXP 	window1: recordFrameIntervals = True
20.6787 	EXP 	Screen (0) actual frame rate measured at 60.06Hz
20.6787 	EXP 	window1: recordFrameIntervals = False
20.6788 	EXP 	window1: mouseVisible = False
20.6796 	EXP 	window1: mouseVisible = True
20.6800 	EXP 	window1: mouseVisible = True
20.6808 	EXP 	window1: mouseVisible = True
20.6814 	EXP 	window1: mouseVisible = True
20.6954 	DEBUG 	TextBox2 loaded 1 chars with 0 blanks and 1 valid
20.6969 	DEBUG 	TextBox2 loaded 1 chars with 0 blanks and 1 valid
20.6988 	DEBUG 	TextBox2 loaded 1 chars with 0 blanks and 1 valid
20.7008 	DEBUG 	TextBox2 loaded 1 chars with 0 blanks and 1 valid
20.7029 	DEBUG 	TextBox2 loaded 1 chars with 0 blanks and 1 valid
20.7052 	DEBUG 	TextBox2 loaded 1 chars with 0 blanks and 1 valid
20.7066 	DEBUG 	TextBox2 loaded 1 chars with 0 blanks and 1 valid
20.7085 	DEBUG 	TextBox2 loaded 1 chars with 0 blanks and 1 valid
20.7106 	DEBUG 	TextBox2 loaded 1 chars with 0 blanks and 1 valid
20.7125 	DEBUG 	TextBox2 loaded 1 chars with 0 blanks and 1 valid
20.7128 	DEBUG 	Uploading Texture Font fontname to graphics card
20.7135 	DEBUG 	Upload of Texture Font fontname complete
20.7151 	EXP 	window1: mouseVisible = True
20.7153 	EXP 	window1: mouseVisible = True
20.7160 	EXP 	window1: mouseVisible = True
20.7166 	EXP 	window1: mouseVisible = True
20.7617 	WARNING 	launchHubServer: If using the iohub mouse or eyetracker devices, fullScr should be True.
23.8500 	INFO 	keyboard.Keyboard is using iohub backend.
23.8500 	EXP 	slider: status = STARTED
23.8576 	EXP 	window1: mouseVisible = True
23.8580 	EXP 	window1: mouseVisible = True
23.8599 	EXP 	window1: mouseVisible = True
23.8613 	EXP 	window1: mouseVisible = True
23.8849 	EXP 	Created slider = Slider(__class__=<class 'psychopy.visual.slider.Slider'>, autoDraw=False, autoLog=True, borderColor=None, color=None, colorSpace='rgb', depth=0, fillColor=None, flip=False, font='Open Sans', granularity=0.0, labelColor=None, labelHeight=0.05, labelWrapWidth=None, labels=None, lineColor=None, markerColor=None, name='slider', opacity=None, ori=0.0, pos=array([ 0. , -0.4]), readOnly=False, self=UNKNOWN, size=array([1. , 0.1]), startValue=None, style='slider', styleTweaks=[], ticks=array([  0, 100]), units='height', win=Window(...))
0.0091 	EXP 	slider: autoLog = True
0.0091 	EXP 	slider: styleTweaks = []
0.0091 	EXP 	slider: styleTweaks = []
0.0091 	EXP 	slider: styleTweaks = []
0.0091 	EXP 	slider: styleTweaks = []
0.0091 	EXP 	slider: contrast = 1.0
0.0091 	EXP 	slider: markerPos = None
0.0091 	EXP 	slider: autoLog = True
0.0631 	EXP 	slider: markerPos = None
0.0631 	EXP 	slider: markerPos = None
0.0631 	EXP 	slider: autoDraw = True
2.9111 	DATA 	Mouse: Left button down, pos=(104,59)
2.9246 	EXP 	slider: markerPos = 0.6666666666666654
2.9412 	EXP 	slider: markerPos = 0.6666666666666654
2.9581 	EXP 	slider: markerPos = 0.6666666666666654
2.9745 	EXP 	slider: markerPos = 0.6666666666666654
2.9912 	EXP 	slider: markerPos = 0.6666666666666654
3.0079 	EXP 	slider: markerPos = 0.6666666666666654
3.0246 	EXP 	slider: markerPos = 0.6666666666666654
3.0411 	EXP 	slider: markerPos = 0.6666666666666654
3.0579 	EXP 	slider: markerPos = 0.6666666666666654
3.0745 	EXP 	slider: markerPos = 0.6666666666666654
3.0913 	EXP 	slider: markerPos = 1.0000000000000009
3.1080 	EXP 	slider: markerPos = 2.500000000000002
3.1245 	EXP 	slider: markerPos = 3.9999999999999982
3.1409 	EXP 	slider: markerPos = 5.499999999999999
3.1579 	EXP 	slider: markerPos = 6.5
3.1743 	EXP 	slider: markerPos = 7.33333333333333
3.1910 	EXP 	slider: markerPos = 8.166666666666666
3.2078 	EXP 	slider: markerPos = 9.000000000000002
3.2245 	EXP 	slider: markerPos = 9.333333333333332
3.2415 	EXP 	slider: markerPos = 9.666666666666668
3.2578 	EXP 	slider: markerPos = 9.999999999999998
3.2745 	EXP 	slider: markerPos = 10.333333333333334
3.2911 	EXP 	slider: markerPos = 10.666666666666668
3.3083 	EXP 	slider: markerPos = 10.999999999999998
3.3248 	EXP 	slider: markerPos = 11.666666666666664
3.3409 	EXP 	slider: markerPos = 12.0
3.3578 	EXP 	slider: markerPos = 12.0
3.3745 	EXP 	slider: markerPos = 12.166666666666664
3.3909 	EXP 	slider: markerPos = 12.5
3.4076 	EXP 	slider: markerPos = 12.666666666666664
3.4243 	EXP 	slider: markerPos = 13.0
3.4410 	EXP 	slider: markerPos = 13.0
3.4577 	EXP 	slider: markerPos = 13.666666666666666
3.4745 	EXP 	slider: markerPos = 14.500000000000002
3.4910 	EXP 	slider: markerPos = 15.500000000000004
3.5078 	EXP 	slider: markerPos = 17.833333333333336
3.5243 	EXP 	slider: markerPos = 19.833333333333332
3.5411 	EXP 	slider: markerPos = 21.666666666666668
3.5578 	EXP 	slider: markerPos = 23.833333333333336
3.5747 	EXP 	slider: markerPos = 25.33333333333333
3.5911 	EXP 	slider: markerPos = 25.33333333333333
3.6076 	EXP 	slider: markerPos = 26.5
3.6244 	EXP 	slider: markerPos = 28.500000000000004
3.6409 	EXP 	slider: markerPos = 30.5
3.6579 	EXP 	slider: markerPos = 31.333333333333336
3.6743 	EXP 	slider: markerPos = 32.0
3.6912 	EXP 	slider: markerPos = 32.5
3.7084 	EXP 	slider: markerPos = 32.833333333333336
3.7244 	EXP 	slider: markerPos = 32.99999999999999
3.7409 	EXP 	slider: markerPos = 33.166666666666664
3.7579 	EXP 	slider: markerPos = 33.333333333333336
3.7743 	EXP 	slider: markerPos = 33.333333333333336
3.7911 	EXP 	slider: markerPos = 33.333333333333336
3.8077 	EXP 	slider: markerPos = 33.333333333333336
3.8243 	EXP 	slider: markerPos = 33.333333333333336
3.8408 	EXP 	slider: markerPos = 33.333333333333336
3.8579 	EXP 	slider: markerPos = 33.333333333333336
3.8742 	EXP 	slider: markerPos = 33.333333333333336
3.8908 	EXP 	slider: markerPos = 33.333333333333336
3.8942 	DATA 	Mouse:  Left button up, pos=(300,49)
3.9078 	EXP 	slider: markerPos = 33.333333333333336
4.2771 	DATA 	Mouse: Left button down, pos=(300,49)
4.2908 	EXP 	slider: markerPos = 33.333333333333336
4.3074 	EXP 	slider: markerPos = 33.333333333333336
4.3241 	EXP 	slider: markerPos = 33.333333333333336
4.3408 	EXP 	slider: markerPos = 33.333333333333336
4.3575 	EXP 	slider: markerPos = 33.333333333333336
4.3740 	EXP 	slider: markerPos = 33.333333333333336
4.3910 	EXP 	slider: markerPos = 33.333333333333336
4.4074 	EXP 	slider: markerPos = 35.833333333333336
4.4242 	EXP 	slider: markerPos = 39.666666666666664
4.4408 	EXP 	slider: markerPos = 40.833333333333336
4.4577 	EXP 	slider: markerPos = 42.833333333333336
4.4739 	EXP 	slider: markerPos = 44.166666666666664
4.4907 	EXP 	slider: markerPos = 44.666666666666664
4.5075 	EXP 	slider: markerPos = 45.0
4.5240 	EXP 	slider: markerPos = 45.166666666666664
4.5408 	EXP 	slider: markerPos = 45.33333333333333
4.5574 	EXP 	slider: markerPos = 45.5
4.5740 	EXP 	slider: markerPos = 45.5
4.5905 	EXP 	slider: markerPos = 45.5
4.6073 	EXP 	slider: markerPos = 45.5
4.6239 	EXP 	slider: markerPos = 45.5
4.6406 	EXP 	slider: markerPos = 45.5
4.6575 	EXP 	slider: markerPos = 45.5
4.6741 	EXP 	slider: markerPos = 45.83333333333333
4.6908 	EXP 	slider: markerPos = 45.83333333333333
4.7077 	EXP 	slider: markerPos = 46.0
4.7240 	EXP 	slider: markerPos = 46.0
4.7316 	DATA 	Mouse:  Left button up, pos=(376,50)
4.7406 	EXP 	slider: markerPos = 46.0
4.7573 	EXP 	slider: markerPos = 46.0
5.6608 	DATA 	Mouse: Left button down, pos=(382,54)
5.6740 	EXP 	slider: markerPos = 47.0
5.6905 	EXP 	slider: markerPos = 47.0
5.7070 	EXP 	slider: markerPos = 47.0
5.7237 	EXP 	slider: markerPos = 47.0
5.7402 	EXP 	slider: markerPos = 47.0
5.7568 	EXP 	slider: markerPos = 47.0
5.7736 	EXP 	slider: markerPos = 47.0
5.7902 	EXP 	slider: markerPos = 47.0
5.8069 	EXP 	slider: markerPos = 47.0
5.8235 	EXP 	slider: markerPos = 48.16666666666667
5.8402 	EXP 	slider: markerPos = 53.5
5.8569 	EXP 	slider: markerPos = 58.166666666666664
5.8736 	EXP 	slider: markerPos = 64.66666666666667
5.8907 	EXP 	slider: markerPos = 66.5
5.9068 	EXP 	slider: markerPos = 70.5
5.9235 	EXP 	slider: markerPos = 71.83333333333333
5.9402 	EXP 	slider: markerPos = 72.16666666666667
5.9567 	EXP 	slider: markerPos = 72.83333333333333
5.9736 	EXP 	slider: markerPos = 73.33333333333334
5.9901 	EXP 	slider: markerPos = 73.66666666666667
6.0068 	EXP 	slider: markerPos = 74.0
6.0236 	EXP 	slider: markerPos = 74.16666666666667
6.0401 	EXP 	slider: markerPos = 74.16666666666667
6.0569 	EXP 	slider: markerPos = 74.16666666666667
6.0734 	EXP 	slider: markerPos = 74.16666666666667
6.0902 	EXP 	slider: markerPos = 73.83333333333333
6.1069 	EXP 	slider: markerPos = 73.66666666666667
6.1236 	EXP 	slider: markerPos = 73.66666666666667
6.1408 	EXP 	slider: markerPos = 73.66666666666667
6.1571 	EXP 	slider: markerPos = 73.66666666666667
6.1735 	EXP 	slider: markerPos = 73.66666666666667
6.1901 	EXP 	slider: markerPos = 73.66666666666667
6.2067 	EXP 	slider: markerPos = 73.66666666666667
6.2236 	EXP 	slider: markerPos = 73.66666666666667
6.2399 	EXP 	slider: markerPos = 73.66666666666667
6.2568 	EXP 	slider: markerPos = 73.66666666666667
6.2734 	EXP 	slider: markerPos = 73.66666666666667
6.2901 	EXP 	slider: markerPos = 73.66666666666667
6.3068 	EXP 	slider: markerPos = 73.66666666666667
6.3235 	EXP 	slider: markerPos = 73.66666666666667
6.3402 	EXP 	slider: markerPos = 73.66666666666667
6.3568 	EXP 	slider: markerPos = 73.66666666666667
6.3736 	EXP 	slider: markerPos = 73.66666666666667
6.3907 	EXP 	slider: markerPos = 73.5
6.4072 	EXP 	slider: markerPos = 73.33333333333334
6.4234 	EXP 	slider: markerPos = 73.16666666666667
6.4401 	EXP 	slider: markerPos = 73.0
6.4567 	EXP 	slider: markerPos = 72.83333333333333
6.4733 	EXP 	slider: markerPos = 72.83333333333333
6.4898 	EXP 	slider: markerPos = 72.83333333333333
6.5067 	EXP 	slider: markerPos = 73.0
6.5235 	EXP 	slider: markerPos = 73.0
6.5400 	EXP 	slider: markerPos = 73.16666666666667
6.5566 	EXP 	slider: markerPos = 73.66666666666667
6.5734 	EXP 	slider: markerPos = 74.0
6.5900 	EXP 	slider: markerPos = 75.66666666666666
6.6066 	EXP 	slider: markerPos = 77.66666666666666
6.6233 	EXP 	slider: markerPos = 79.66666666666666
6.6400 	EXP 	slider: markerPos = 81.33333333333333
6.6569 	EXP 	slider: markerPos = 82.33333333333333
6.6736 	EXP 	slider: markerPos = 83.83333333333334
6.6899 	EXP 	slider: markerPos = 84.5
6.7065 	EXP 	slider: markerPos = 85.0
6.7233 	EXP 	slider: markerPos = 85.66666666666667
6.7398 	EXP 	slider: markerPos = 87.16666666666666
6.7565 	EXP 	slider: markerPos = 88.16666666666666
6.7732 	EXP 	slider: markerPos = 88.66666666666667
6.7897 	EXP 	slider: markerPos = 89.0
6.8068 	EXP 	slider: markerPos = 89.66666666666667
6.8231 	EXP 	slider: markerPos = 90.16666666666666
6.8401 	EXP 	slider: markerPos = 90.5
6.8566 	EXP 	slider: markerPos = 90.83333333333333
6.8731 	EXP 	slider: markerPos = 91.33333333333333
6.8899 	EXP 	slider: markerPos = 91.66666666666667
6.9068 	EXP 	slider: markerPos = 92.33333333333333
6.9234 	EXP 	slider: markerPos = 92.66666666666667
6.9400 	EXP 	slider: markerPos = 92.83333333333333
6.9564 	EXP 	slider: markerPos = 93.16666666666666
6.9732 	EXP 	slider: markerPos = 93.5
6.9897 	EXP 	slider: markerPos = 94.0
7.0064 	EXP 	slider: markerPos = 94.33333333333334
7.0232 	EXP 	slider: markerPos = 94.66666666666667
7.0399 	EXP 	slider: markerPos = 95.33333333333334
7.0566 	EXP 	slider: markerPos = 95.83333333333333
7.0732 	EXP 	slider: markerPos = 96.16666666666667
7.0897 	EXP 	slider: markerPos = 96.50000000000001
7.1064 	EXP 	slider: markerPos = 96.83333333333333
7.1232 	EXP 	slider: markerPos = 97.0
7.1396 	EXP 	slider: markerPos = 97.83333333333333
7.1564 	EXP 	slider: markerPos = 98.16666666666667
7.1735 	EXP 	slider: markerPos = 98.5
7.1901 	EXP 	slider: markerPos = 99.0
7.2064 	EXP 	slider: markerPos = 99.66666666666666
7.2231 	EXP 	slider: markerPos = 100.16666666666667
7.2396 	EXP 	slider: markerPos = 100.49999999999999
7.2564 	EXP 	slider: markerPos = 100.66666666666669
7.2732 	EXP 	slider: markerPos = 101.0
7.2897 	EXP 	slider: markerPos = 101.0
7.3064 	EXP 	slider: markerPos = 101.16666666666667
7.3231 	EXP 	slider: markerPos = 101.16666666666667
7.3396 	EXP 	slider: markerPos = 101.66666666666666
7.3563 	EXP 	slider: markerPos = 101.66666666666666
7.3731 	EXP 	slider: markerPos = 101.66666666666666
7.3896 	EXP 	slider: markerPos = 101.66666666666666
7.4064 	EXP 	slider: markerPos = 101.66666666666666
7.4234 	EXP 	slider: markerPos = 101.66666666666666
7.4400 	EXP 	slider: markerPos = 101.66666666666666
7.4562 	EXP 	slider: markerPos = 101.66666666666666
7.4731 	EXP 	slider: markerPos = 101.66666666666666
7.4896 	EXP 	slider: markerPos = 101.66666666666666
7.5064 	EXP 	slider: markerPos = 101.66666666666666
7.5231 	EXP 	slider: markerPos = 101.33333333333331
7.5397 	EXP 	slider: markerPos = 100.83333333333333
7.5565 	EXP 	slider: markerPos = 99.83333333333333
7.5737 	EXP 	slider: markerPos = 99.16666666666667
7.5896 	EXP 	slider: markerPos = 98.16666666666667
7.6061 	EXP 	slider: markerPos = 96.33333333333334
7.6229 	EXP 	slider: markerPos = 95.16666666666667
7.6396 	EXP 	slider: markerPos = 93.5
7.6561 	EXP 	slider: markerPos = 91.66666666666667
7.6730 	EXP 	slider: markerPos = 90.16666666666666
7.6897 	EXP 	slider: markerPos = 88.66666666666667
7.7067 	EXP 	slider: markerPos = 87.5
7.7230 	EXP 	slider: markerPos = 86.0
7.7396 	EXP 	slider: markerPos = 84.00000000000001
7.7561 	EXP 	slider: markerPos = 83.0
7.7734 	EXP 	slider: markerPos = 81.83333333333334
7.7895 	EXP 	slider: markerPos = 81.0
7.8061 	EXP 	slider: markerPos = 80.16666666666667
7.8229 	EXP 	slider: markerPos = 79.33333333333333
7.8396 	EXP 	slider: markerPos = 78.49999999999999
7.8562 	EXP 	slider: markerPos = 77.33333333333333
7.8730 	EXP 	slider: markerPos = 76.33333333333333
7.8897 	EXP 	slider: markerPos = 74.83333333333333
7.9062 	EXP 	slider: markerPos = 73.0
7.9230 	EXP 	slider: markerPos = 70.83333333333334
7.9396 	EXP 	slider: markerPos = 68.83333333333333
7.9564 	EXP 	slider: markerPos = 68.0
7.9732 	EXP 	slider: markerPos = 64.66666666666667
7.9899 	EXP 	slider: markerPos = 62.33333333333333
8.0062 	EXP 	slider: markerPos = 59.833333333333336
8.0228 	EXP 	slider: markerPos = 57.833333333333336
8.0396 	EXP 	slider: markerPos = 56.333333333333336
8.0561 	EXP 	slider: markerPos = 55.166666666666664
8.0729 	EXP 	slider: markerPos = 54.166666666666664
8.0896 	EXP 	slider: markerPos = 53.5
8.1062 	EXP 	slider: markerPos = 52.666666666666664
8.1229 	EXP 	slider: markerPos = 51.83333333333333
8.1395 	EXP 	slider: markerPos = 50.5
8.1562 	EXP 	slider: markerPos = 49.166666666666664
8.1728 	EXP 	slider: markerPos = 47.5
8.1897 	EXP 	slider: markerPos = 46.666666666666664
8.2062 	EXP 	slider: markerPos = 42.5
8.2230 	EXP 	slider: markerPos = 38.666666666666664
8.2399 	EXP 	slider: markerPos = 33.166666666666664
8.2562 	EXP 	slider: markerPos = 27.500000000000004
8.2725 	EXP 	slider: markerPos = 25.33333333333333
8.2895 	EXP 	slider: markerPos = 25.33333333333333
8.3060 	EXP 	slider: markerPos = 25.33333333333333
8.3229 	EXP 	slider: markerPos = 25.33333333333333
8.3395 	EXP 	slider: markerPos = 25.33333333333333
8.3561 	EXP 	slider: markerPos = 25.16666666666667
8.3726 	EXP 	slider: markerPos = 25.16666666666667
8.3895 	EXP 	slider: markerPos = 25.16666666666667
8.4058 	EXP 	slider: markerPos = 25.16666666666667
8.4227 	EXP 	slider: markerPos = 25.16666666666667
8.4398 	EXP 	slider: markerPos = 25.16666666666667
8.4561 	EXP 	slider: markerPos = 25.16666666666667
8.4727 	EXP 	slider: markerPos = 25.16666666666667
8.4894 	EXP 	slider: markerPos = 25.16666666666667
8.5060 	EXP 	slider: markerPos = 25.16666666666667
8.5225 	EXP 	slider: markerPos = 25.16666666666667
8.5393 	EXP 	slider: markerPos = 25.16666666666667
8.5560 	EXP 	slider: markerPos = 25.16666666666667
8.5725 	EXP 	slider: markerPos = 25.16666666666667
8.5893 	EXP 	slider: markerPos = 25.16666666666667
8.6060 	EXP 	slider: markerPos = 25.16666666666667
8.6226 	EXP 	slider: markerPos = 25.16666666666667
8.6394 	EXP 	slider: markerPos = 25.16666666666667
8.6558 	EXP 	slider: markerPos = 25.16666666666667
8.6728 	EXP 	slider: markerPos = 25.16666666666667
8.6897 	EXP 	slider: markerPos = 25.16666666666667
8.7059 	EXP 	slider: markerPos = 24.666666666666664
8.7227 	EXP 	slider: markerPos = 24.333333333333336
8.7395 	EXP 	slider: markerPos = 23.333333333333332
8.7560 	EXP 	slider: markerPos = 21.833333333333332
8.7726 	EXP 	slider: markerPos = 19.5
8.7894 	EXP 	slider: markerPos = 15.833333333333332
8.8058 	EXP 	slider: markerPos = 11.16666666666667
8.8224 	EXP 	slider: markerPos = 7.500000000000001
8.8394 	EXP 	slider: markerPos = 4.833333333333334
8.8558 	EXP 	slider: markerPos = 2.833333333333332
8.8725 	EXP 	slider: markerPos = 2.0000000000000018
8.8890 	EXP 	slider: markerPos = 1.3333333333333308
8.9059 	EXP 	slider: markerPos = 1.1666666666666659
8.9225 	EXP 	slider: markerPos = 1.0000000000000009
8.9393 	EXP 	slider: markerPos = 0.8333333333333359
8.9557 	EXP 	slider: markerPos = 0.5000000000000004
8.9726 	EXP 	slider: markerPos = 0.5000000000000004
8.9895 	EXP 	slider: markerPos = 0.3333333333333355
9.0061 	EXP 	slider: markerPos = 0.3333333333333355
9.0224 	EXP 	slider: markerPos = 0.3333333333333355
9.0392 	EXP 	slider: markerPos = 0.3333333333333355
9.0558 	EXP 	slider: markerPos = 0.3333333333333355
9.0725 	EXP 	slider: markerPos = 0.3333333333333355
9.0893 	EXP 	slider: markerPos = 0.16666666666666496
9.1057 	EXP 	slider: markerPos = 0.16666666666666496
9.1226 	EXP 	slider: markerPos = 0.0
9.1391 	EXP 	slider: markerPos = -0.16666666666667052
9.1556 	EXP 	slider: markerPos = -0.666666666666671
9.1726 	EXP 	slider: markerPos = -1.1666666666666714
9.1890 	EXP 	slider: markerPos = -1.3333333333333308
9.2058 	EXP 	slider: markerPos = -1.3333333333333308
9.2223 	EXP 	slider: markerPos = -1.5000000000000013
9.2392 	EXP 	slider: markerPos = -1.6666666666666718
9.2559 	EXP 	slider: markerPos = -1.8333333333333313
9.2727 	EXP 	slider: markerPos = -2.0000000000000018
9.2893 	EXP 	slider: markerPos = -2.0000000000000018
9.3056 	EXP 	slider: markerPos = -2.0000000000000018
9.3225 	EXP 	slider: markerPos = -2.0000000000000018
9.3390 	EXP 	slider: markerPos = -2.0000000000000018
9.3557 	EXP 	slider: markerPos = -2.0000000000000018
9.3725 	EXP 	slider: markerPos = -2.0000000000000018
9.3892 	EXP 	slider: markerPos = -2.0000000000000018
9.4057 	EXP 	slider: markerPos = -2.0000000000000018
9.4224 	EXP 	slider: markerPos = -2.0000000000000018
9.4391 	EXP 	slider: markerPos = -2.0000000000000018
9.4556 	EXP 	slider: markerPos = -2.0000000000000018
9.4724 	EXP 	slider: markerPos = -2.0000000000000018
9.4888 	EXP 	slider: markerPos = -2.0000000000000018
9.5055 	EXP 	slider: markerPos = -2.0000000000000018
9.5224 	EXP 	slider: markerPos = -2.0000000000000018
9.5392 	EXP 	slider: markerPos = -2.0000000000000018
9.5557 	EXP 	slider: markerPos = -2.0000000000000018
9.5723 	EXP 	slider: markerPos = -2.0000000000000018
9.5889 	EXP 	slider: markerPos = -2.0000000000000018
9.6056 	EXP 	slider: markerPos = -2.0000000000000018
9.6221 	EXP 	slider: markerPos = -2.0000000000000018
9.6390 	EXP 	slider: markerPos = -2.0000000000000018
9.6555 	EXP 	slider: markerPos = -2.0000000000000018
9.6724 	EXP 	slider: markerPos = -2.0000000000000018
9.6889 	EXP 	slider: markerPos = -2.0000000000000018
9.7055 	EXP 	slider: markerPos = -2.0000000000000018
9.7224 	EXP 	slider: markerPos = -2.0000000000000018
9.7389 	EXP 	slider: markerPos = -2.0000000000000018
9.7558 	EXP 	slider: markerPos = -2.0000000000000018
9.7727 	EXP 	slider: markerPos = -1.5000000000000013
9.7890 	EXP 	slider: markerPos = -1.0000000000000009
9.8056 	EXP 	slider: markerPos = -0.5000000000000004
9.8223 	EXP 	slider: markerPos = 0.16666666666666496
9.8389 	EXP 	slider: markerPos = 1.3333333333333308
9.8554 	EXP 	slider: markerPos = 2.3333333333333317
9.8723 	EXP 	slider: markerPos = 3.666666666666668
9.8887 	EXP 	slider: markerPos = 5.499999999999999
9.9056 	EXP 	slider: markerPos = 7.833333333333331
9.9220 	EXP 	slider: markerPos = 11.333333333333334
9.9389 	EXP 	slider: markerPos = 14.000000000000002
9.9553 	EXP 	slider: markerPos = 17.166666666666668
9.9729 	EXP 	slider: markerPos = 19.666666666666664
9.9889 	EXP 	slider: markerPos = 23.333333333333332
10.0054 	EXP 	slider: markerPos = 26.833333333333332
10.0227 	EXP 	slider: markerPos = 31.333333333333336
10.0390 	EXP 	slider: markerPos = 37.16666666666667
10.0555 	EXP 	slider: markerPos = 38.5
10.0722 	EXP 	slider: markerPos = 41.16666666666667
10.0889 	EXP 	slider: markerPos = 42.5
10.1054 	EXP 	slider: markerPos = 43.5
10.1221 	EXP 	slider: markerPos = 44.5
10.1389 	EXP 	slider: markerPos = 45.666666666666664
10.1555 	EXP 	slider: markerPos = 47.0
10.1721 	EXP 	slider: markerPos = 47.333333333333336
10.1888 	EXP 	slider: markerPos = 49.166666666666664
10.2055 	EXP 	slider: markerPos = 50.33333333333333
10.2219 	EXP 	slider: markerPos = 51.16666666666667
10.2388 	EXP 	slider: markerPos = 52.0
10.2557 	EXP 	slider: markerPos = 52.5
10.2722 	EXP 	slider: markerPos = 52.83333333333333
10.2887 	EXP 	slider: markerPos = 53.333333333333336
10.3052 	EXP 	slider: markerPos = 53.5
10.3221 	EXP 	slider: markerPos = 53.666666666666664
10.3387 	EXP 	slider: markerPos = 53.666666666666664
10.3554 	EXP 	slider: markerPos = 53.666666666666664
10.3721 	EXP 	slider: markerPos = 53.666666666666664
10.3889 	EXP 	slider: markerPos = 53.666666666666664
10.4053 	EXP 	slider: markerPos = 53.666666666666664
10.4221 	EXP 	slider: markerPos = 53.666666666666664
10.4389 	EXP 	slider: markerPos = 53.666666666666664
10.4554 	EXP 	slider: markerPos = 53.0
10.4721 	EXP 	slider: markerPos = 51.5
10.4889 	EXP 	slider: markerPos = 46.0
10.5056 	EXP 	slider: markerPos = 44.833333333333336
10.5222 	EXP 	slider: markerPos = 44.833333333333336
10.5386 	EXP 	slider: markerPos = 44.833333333333336
10.5553 	EXP 	slider: markerPos = 44.833333333333336
10.5721 	EXP 	slider: markerPos = 44.833333333333336
10.5887 	EXP 	slider: markerPos = 44.833333333333336
10.6053 	EXP 	slider: markerPos = 44.833333333333336
10.6220 	EXP 	slider: markerPos = 44.833333333333336
10.6389 	EXP 	slider: markerPos = 44.833333333333336
10.6553 	EXP 	slider: markerPos = 44.833333333333336
10.6720 	EXP 	slider: markerPos = 44.833333333333336
10.6889 	EXP 	slider: markerPos = 44.833333333333336
10.7053 	EXP 	slider: markerPos = 44.833333333333336
10.7219 	EXP 	slider: markerPos = 44.833333333333336
10.7390 	EXP 	slider: markerPos = 44.833333333333336
10.7553 	EXP 	slider: markerPos = 44.833333333333336
10.7719 	EXP 	slider: markerPos = 44.833333333333336
10.7887 	EXP 	slider: markerPos = 44.833333333333336
10.8054 	EXP 	slider: markerPos = 44.833333333333336
10.8219 	EXP 	slider: markerPos = 44.833333333333336
10.8387 	EXP 	slider: markerPos = 44.833333333333336
10.8553 	EXP 	slider: markerPos = 44.833333333333336
10.8721 	EXP 	slider: markerPos = 44.833333333333336
10.8887 	EXP 	slider: markerPos = 44.666666666666664
10.9051 	EXP 	slider: markerPos = 44.666666666666664
10.9220 	EXP 	slider: markerPos = 44.666666666666664
10.9386 	EXP 	slider: markerPos = 45.0
10.9552 	EXP 	slider: markerPos = 45.666666666666664
10.9719 	EXP 	slider: markerPos = 46.166666666666664
10.9888 	EXP 	slider: markerPos = 47.0
11.0055 	EXP 	slider: markerPos = 47.5
11.0220 	EXP 	slider: markerPos = 48.5
11.0386 	EXP 	slider: markerPos = 50.33333333333333
11.0551 	EXP 	slider: markerPos = 52.83333333333333
11.0719 	EXP 	slider: markerPos = 56.49999999999999
11.0884 	EXP 	slider: markerPos = 60.33333333333333
11.1051 	EXP 	slider: markerPos = 64.83333333333333
11.1218 	EXP 	slider: markerPos = 68.66666666666667
11.1386 	EXP 	slider: markerPos = 75.33333333333334
11.1551 	EXP 	slider: markerPos = 77.0
11.1719 	EXP 	slider: markerPos = 80.66666666666666
11.1886 	EXP 	slider: markerPos = 85.16666666666667
11.2051 	EXP 	slider: markerPos = 87.16666666666666
11.2219 	EXP 	slider: markerPos = 88.33333333333333
11.2386 	EXP 	slider: markerPos = 88.83333333333333
11.2551 	EXP 	slider: markerPos = 88.83333333333333
11.2718 	EXP 	slider: markerPos = 88.83333333333333
11.2885 	EXP 	slider: markerPos = 88.83333333333333
11.3049 	EXP 	slider: markerPos = 88.83333333333333
11.3218 	EXP 	slider: markerPos = 88.83333333333333
11.3386 	EXP 	slider: markerPos = 88.83333333333333
11.3551 	EXP 	slider: markerPos = 88.83333333333333
11.3715 	EXP 	slider: markerPos = 88.5
11.3885 	EXP 	slider: markerPos = 85.83333333333334
11.4049 	EXP 	slider: markerPos = 83.33333333333333
11.4221 	EXP 	slider: markerPos = 79.16666666666667
11.4386 	EXP 	slider: markerPos = 75.83333333333333
11.4549 	EXP 	slider: markerPos = 73.0
11.4720 	EXP 	slider: markerPos = 71.0
11.4891 	EXP 	slider: markerPos = 69.83333333333334
11.5050 	EXP 	slider: markerPos = 69.5
11.5217 	EXP 	slider: markerPos = 69.16666666666667
11.5384 	EXP 	slider: markerPos = 69.16666666666667
11.5549 	EXP 	slider: markerPos = 69.16666666666667
11.5717 	EXP 	slider: markerPos = 69.16666666666667
11.5885 	EXP 	slider: markerPos = 69.16666666666667
11.6048 	EXP 	slider: markerPos = 69.16666666666667
11.6217 	EXP 	slider: markerPos = 69.5
11.6385 	EXP 	slider: markerPos = 71.5
11.6550 	EXP 	slider: markerPos = 73.83333333333333
11.6716 	EXP 	slider: markerPos = 75.83333333333333
11.6885 	EXP 	slider: markerPos = 77.33333333333333
11.7052 	EXP 	slider: markerPos = 78.33333333333333
11.7215 	EXP 	slider: markerPos = 79.0
11.7383 	EXP 	slider: markerPos = 79.33333333333333
11.7551 	EXP 	slider: markerPos = 79.33333333333333
11.7715 	EXP 	slider: markerPos = 79.33333333333333
11.7883 	EXP 	slider: markerPos = 79.33333333333333
11.8047 	EXP 	slider: markerPos = 79.33333333333333
11.8216 	EXP 	slider: markerPos = 79.33333333333333
11.8383 	EXP 	slider: markerPos = 79.33333333333333
11.8548 	EXP 	slider: markerPos = 79.33333333333333
11.8714 	EXP 	slider: markerPos = 78.83333333333333
11.8885 	EXP 	slider: markerPos = 77.66666666666666
11.9050 	EXP 	slider: markerPos = 76.0
11.9215 	EXP 	slider: markerPos = 74.66666666666667
11.9384 	EXP 	slider: markerPos = 74.33333333333334
11.9550 	EXP 	slider: markerPos = 74.16666666666667
11.9717 	EXP 	slider: markerPos = 74.16666666666667
11.9882 	EXP 	slider: markerPos = 75.0
12.0048 	EXP 	slider: markerPos = 81.33333333333333
12.0216 	EXP 	slider: markerPos = 85.33333333333333
12.0382 	EXP 	slider: markerPos = 89.66666666666667
12.0548 	EXP 	slider: markerPos = 93.66666666666667
12.0716 	EXP 	slider: markerPos = 96.16666666666667
12.0883 	EXP 	slider: markerPos = 96.83333333333333
12.1047 	EXP 	slider: markerPos = 96.83333333333333
12.1215 	EXP 	slider: markerPos = 96.83333333333333
12.1383 	EXP 	slider: markerPos = 96.83333333333333
12.1545 	EXP 	slider: markerPos = 96.83333333333333
12.1715 	EXP 	slider: markerPos = 96.83333333333333
12.1884 	EXP 	slider: markerPos = 96.83333333333333
12.2046 	EXP 	slider: markerPos = 96.83333333333333
12.2217 	EXP 	slider: markerPos = 96.83333333333333
12.2383 	EXP 	slider: markerPos = 96.83333333333333
12.2547 	EXP 	slider: markerPos = 96.83333333333333
12.2713 	EXP 	slider: markerPos = 96.83333333333333
12.2881 	EXP 	slider: markerPos = 96.83333333333333
12.3047 	EXP 	slider: markerPos = 96.83333333333333
12.3215 	EXP 	slider: markerPos = 96.83333333333333
12.3379 	EXP 	slider: markerPos = 96.83333333333333
12.3547 	EXP 	slider: markerPos = 96.83333333333333
12.3714 	EXP 	slider: markerPos = 96.83333333333333
12.3882 	EXP 	slider: markerPos = 96.83333333333333
12.4047 	EXP 	slider: markerPos = 96.83333333333333
12.4214 	EXP 	slider: markerPos = 96.83333333333333
12.4383 	EXP 	slider: markerPos = 96.83333333333333
12.4549 	EXP 	slider: markerPos = 96.83333333333333
12.4712 	EXP 	slider: markerPos = 96.83333333333333
12.4881 	EXP 	slider: markerPos = 96.83333333333333
12.5046 	EXP 	slider: markerPos = 96.83333333333333
12.5213 	EXP 	slider: markerPos = 96.83333333333333
12.5383 	EXP 	slider: markerPos = 96.83333333333333
12.5547 	EXP 	slider: markerPos = 96.83333333333333
12.5712 	EXP 	slider: markerPos = 96.83333333333333
12.5881 	EXP 	slider: markerPos = 96.83333333333333
12.6045 	EXP 	slider: markerPos = 96.83333333333333
12.6212 	EXP 	slider: markerPos = 96.83333333333333
12.6382 	EXP 	slider: markerPos = 96.83333333333333
12.6546 	EXP 	slider: markerPos = 96.83333333333333
12.6713 	EXP 	slider: markerPos = 96.83333333333333
12.6880 	EXP 	slider: markerPos = 96.83333333333333
12.7051 	EXP 	slider: markerPos = 96.83333333333333
12.7213 	EXP 	slider: markerPos = 98.66666666666667
12.7379 	EXP 	slider: markerPos = 100.49999999999999
12.7546 	EXP 	slider: markerPos = 102.0
12.7711 	EXP 	slider: markerPos = 103.16666666666667
12.7881 	EXP 	slider: markerPos = 104.0
12.8044 	EXP 	slider: markerPos = 104.66666666666666
12.8213 	EXP 	slider: markerPos = 104.66666666666666
12.8379 	EXP 	slider: markerPos = 104.66666666666666
12.8544 	EXP 	slider: markerPos = 104.66666666666666
12.8713 	EXP 	slider: markerPos = 104.66666666666666
12.8879 	EXP 	slider: markerPos = 104.66666666666666
12.9045 	EXP 	slider: markerPos = 104.66666666666666
12.9210 	EXP 	slider: markerPos = 104.66666666666666
12.9379 	EXP 	slider: markerPos = 104.66666666666666
12.9557 	EXP 	slider: markerPos = 104.66666666666666
12.9712 	EXP 	slider: markerPos = 104.66666666666666
12.9880 	EXP 	slider: markerPos = 104.66666666666666
13.0045 	EXP 	slider: markerPos = 104.66666666666666
13.0212 	EXP 	slider: markerPos = 104.66666666666666
13.0380 	EXP 	slider: markerPos = 104.66666666666666
13.0546 	EXP 	slider: markerPos = 104.66666666666666
13.0579 	DATA 	Mouse:  Left button up, pos=(728,38)
13.0711 	EXP 	slider: markerPos = 100.0
19.8456 	DATA 	Keypress: escape
19.8544 	EXP 	slider: status = STOPPED
19.8691 	EXP 	slider: autoDraw = False
19.8718 	EXP 	slider: status = STOPPED
19.8818 	INFO 	saved data to 'C:\\Users\\erang\\Desktop\\Reading_task\\psychopy_experiment\\data/232654_slider_2024-06-19_14h03.14.636.csv'
19.8826 	INFO 	saved data to C:\Users\erang\Desktop\Reading_task\psychopy_experiment\data/232654_slider_2024-06-19_14h03.14.636.psydat
19.9208 	EXP 	window1: mouseVisible = True
20.4663 	DEBUG 	Saving data for slider ExperimentHandler
