15.4319 	DEBUG 	Fullscreen settings ignored as running in pilot mode.
15.4326 	INFO 	Loaded monitor calibration from ['2023_02_15 11:47']
16.4494 	EXP 	Created window1 = Window(allowGUI=True, allowStencil=False, autoLog=True, backendConf=UNKNOWN, backgroundFit=<method-wrapper '__getattribute__' of attributeSetter object at 0x000001B14C893250>, backgroundImage=<method-wrapper '__getattribute__' of attributeSetter object at 0x000001B14C8931F0>, bitsMode=UNKNOWN, blendMode='avg', bpc=(8, 8, 8), color=array([0, 0, 0]), colorSpace='rgb', depthBits=8, fullscr=<method-wrapper '__getattribute__' of attributeSetter object at 0x000001B14C893040>, gamma=None, gammaErrorPolicy='raise', infoMsg=UNKNOWN, lms=UNKNOWN, monitor=<psychopy.monitors.calibTools.Monitor object at 0x000001B150E0B760>, multiSample=False, name='window1', numSamples=2, pos=[560.0, 240.0], screen=0, size=array([800, 600]), stencilBits=0, stereo=False, title='PsychoPy', units='height', useFBO=True, useRetina=False, viewOri=0.0, viewPos=None, viewScale=None, waitBlanking=True, winType='pyglet')
16.4495 	EXP 	window1: mouseVisible = True
16.4495 	EXP 	window1: backgroundImage = ''
16.4495 	EXP 	window1: backgroundFit = 'none'
16.4497 	EXP 	window1: mouseVisible = True
16.4499 	EXP 	window1: mouseVisible = True
16.4517 	EXP 	window1: mouseVisible = True
16.4527 	EXP 	window1: mouseVisible = True
16.4689 	DEBUG 	TextBox2 loaded 1 chars with 0 blanks and 1 valid
16.4706 	DEBUG 	TextBox2 loaded 1 chars with 0 blanks and 1 valid
16.4724 	DEBUG 	TextBox2 loaded 1 chars with 0 blanks and 1 valid
16.4744 	DEBUG 	TextBox2 loaded 1 chars with 0 blanks and 1 valid
16.4763 	DEBUG 	TextBox2 loaded 1 chars with 0 blanks and 1 valid
16.4778 	DEBUG 	TextBox2 loaded 1 chars with 0 blanks and 1 valid
16.4796 	DEBUG 	TextBox2 loaded 1 chars with 0 blanks and 1 valid
16.4815 	DEBUG 	TextBox2 loaded 1 chars with 0 blanks and 1 valid
16.4828 	DEBUG 	TextBox2 loaded 1 chars with 0 blanks and 1 valid
16.4842 	DEBUG 	TextBox2 loaded 1 chars with 0 blanks and 1 valid
16.4860 	DEBUG 	TextBox2 loaded 1 chars with 0 blanks and 1 valid
16.4878 	DEBUG 	TextBox2 loaded 1 chars with 0 blanks and 1 valid
16.4895 	DEBUG 	TextBox2 loaded 1 chars with 0 blanks and 1 valid
16.4913 	DEBUG 	TextBox2 loaded 1 chars with 0 blanks and 1 valid
16.4931 	DEBUG 	TextBox2 loaded 1 chars with 0 blanks and 1 valid
16.4949 	DEBUG 	TextBox2 loaded 1 chars with 0 blanks and 1 valid
16.4967 	DEBUG 	TextBox2 loaded 1 chars with 0 blanks and 1 valid
16.4982 	DEBUG 	TextBox2 loaded 1 chars with 0 blanks and 1 valid
16.4996 	DEBUG 	TextBox2 loaded 1 chars with 0 blanks and 1 valid
16.5016 	DEBUG 	TextBox2 loaded 1 chars with 0 blanks and 1 valid
16.5031 	DEBUG 	TextBox2 loaded 1 chars with 0 blanks and 1 valid
16.5034 	DEBUG 	Uploading Texture Font fontname to graphics card
16.5217 	DEBUG 	Upload of Texture Font fontname complete
16.5233 	EXP 	window1: mouseVisible = True
16.5234 	EXP 	window1: mouseVisible = True
16.5243 	EXP 	window1: mouseVisible = True
16.5249 	EXP 	window1: mouseVisible = True
16.5392 	DEBUG 	TextBox2 loaded 1 chars with 0 blanks and 1 valid
16.5415 	DEBUG 	TextBox2 loaded 1 chars with 0 blanks and 1 valid
16.5435 	DEBUG 	TextBox2 loaded 1 chars with 0 blanks and 1 valid
16.5438 	DEBUG 	Uploading Texture Font fontname to graphics card
16.5646 	DEBUG 	Upload of Texture Font fontname complete
16.5669 	EXP 	window1: Attempting to measure frame rate of screen (0) ...
16.5669 	EXP 	window1: recordFrameIntervals = False
16.7355 	EXP 	window1: recordFrameIntervals = True
16.9189 	EXP 	Screen (0) actual frame rate measured at 60.02Hz
16.9189 	EXP 	window1: recordFrameIntervals = False
16.9190 	EXP 	window1: mouseVisible = False
16.9198 	EXP 	window1: mouseVisible = True
16.9200 	EXP 	window1: mouseVisible = True
16.9207 	EXP 	window1: mouseVisible = True
16.9214 	EXP 	window1: mouseVisible = True
16.9358 	DEBUG 	TextBox2 loaded 1 chars with 0 blanks and 1 valid
16.9373 	DEBUG 	TextBox2 loaded 1 chars with 0 blanks and 1 valid
16.9391 	DEBUG 	TextBox2 loaded 1 chars with 0 blanks and 1 valid
16.9411 	DEBUG 	TextBox2 loaded 1 chars with 0 blanks and 1 valid
16.9431 	DEBUG 	TextBox2 loaded 1 chars with 0 blanks and 1 valid
16.9451 	DEBUG 	TextBox2 loaded 1 chars with 0 blanks and 1 valid
16.9468 	DEBUG 	TextBox2 loaded 1 chars with 0 blanks and 1 valid
16.9487 	DEBUG 	TextBox2 loaded 1 chars with 0 blanks and 1 valid
16.9507 	DEBUG 	TextBox2 loaded 1 chars with 0 blanks and 1 valid
16.9526 	DEBUG 	TextBox2 loaded 1 chars with 0 blanks and 1 valid
16.9529 	DEBUG 	Uploading Texture Font fontname to graphics card
16.9536 	DEBUG 	Upload of Texture Font fontname complete
16.9552 	EXP 	window1: mouseVisible = True
16.9553 	EXP 	window1: mouseVisible = True
16.9560 	EXP 	window1: mouseVisible = True
16.9566 	EXP 	window1: mouseVisible = True
17.0004 	WARNING 	launchHubServer: If using the iohub mouse or eyetracker devices, fullScr should be True.
20.0873 	INFO 	keyboard.Keyboard is using iohub backend.
20.0873 	EXP 	slider: status = STARTED
20.0950 	EXP 	window1: mouseVisible = True
20.0955 	EXP 	window1: mouseVisible = True
20.0976 	EXP 	window1: mouseVisible = True
20.0977 	EXP 	window1: mouseVisible = True
20.0983 	EXP 	window1: mouseVisible = True
20.0989 	EXP 	window1: mouseVisible = True
20.1124 	EXP 	window1: mouseVisible = True
20.1126 	EXP 	window1: mouseVisible = True
20.1132 	EXP 	window1: mouseVisible = True
20.1138 	EXP 	window1: mouseVisible = True
20.1268 	EXP 	window1: mouseVisible = True
20.1270 	EXP 	window1: mouseVisible = True
20.1276 	EXP 	window1: mouseVisible = True
20.1282 	EXP 	window1: mouseVisible = True
20.1417 	EXP 	window1: mouseVisible = True
20.1420 	EXP 	window1: mouseVisible = True
20.1427 	EXP 	window1: mouseVisible = True
20.1433 	EXP 	window1: mouseVisible = True
20.1569 	EXP 	window1: mouseVisible = True
20.1585 	EXP 	window1: mouseVisible = True
20.1939 	EXP 	Created slider = Slider(__class__=<class 'psychopy.visual.slider.Slider'>, autoDraw=False, autoLog=True, borderColor=None, color=None, colorSpace='rgb', depth=0, fillColor=None, flip=False, font='Open Sans', granularity=0.0, labelColor=None, labelHeight=0.05, labelWrapWidth=None, labels=['Not at all', 'All of it'], lineColor=None, markerColor=None, name='slider', opacity=None, ori=0.0, pos=array([ 0. , -0.2]), readOnly=False, self=UNKNOWN, size=array([1. , 0.1]), startValue=None, style='slider', styleTweaks=['triangleMarker'], ticks=array([  0, 100]), units='height', win=Window(...))
0.0236 	EXP 	slider: autoLog = True
0.0236 	EXP 	slider: styleTweaks = []
0.0236 	EXP 	slider: styleTweaks = []
0.0236 	EXP 	slider: styleTweaks = ['triangleMarker']
0.0236 	EXP 	slider: styleTweaks = ['triangleMarker']
0.0236 	EXP 	slider: contrast = 1.0
0.0236 	EXP 	slider: markerPos = None
0.0236 	EXP 	slider: autoLog = True
0.0735 	EXP 	slider: markerPos = None
0.0735 	EXP 	slider: markerPos = None
0.0735 	EXP 	slider: autoDraw = True
50.7437 	DATA 	Mouse: Left button down, pos=(93,158)
50.7568 	EXP 	slider: markerPos = -1.1666666666666714
50.7736 	EXP 	slider: markerPos = -1.1666666666666714
50.7903 	EXP 	slider: markerPos = -1.1666666666666714
50.8068 	EXP 	slider: markerPos = -1.1666666666666714
50.8234 	EXP 	slider: markerPos = -1.1666666666666714
50.8400 	EXP 	slider: markerPos = -1.1666666666666714
50.8565 	EXP 	slider: markerPos = -1.1666666666666714
50.8733 	EXP 	slider: markerPos = -1.1666666666666714
50.8902 	EXP 	slider: markerPos = -1.1666666666666714
50.9064 	EXP 	slider: markerPos = -1.1666666666666714
50.9233 	EXP 	slider: markerPos = -1.1666666666666714
50.9401 	EXP 	slider: markerPos = -0.8333333333333304
50.9564 	EXP 	slider: markerPos = -0.5000000000000004
50.9733 	EXP 	slider: markerPos = 0.0
50.9902 	EXP 	slider: markerPos = 0.16666666666666496
51.0064 	EXP 	slider: markerPos = 0.3333333333333355
51.0231 	EXP 	slider: markerPos = 0.5000000000000004
51.0401 	EXP 	slider: markerPos = 1.0000000000000009
51.0564 	EXP 	slider: markerPos = 1.1666666666666659
51.0732 	EXP 	slider: markerPos = 1.3333333333333308
51.0904 	EXP 	slider: markerPos = 1.8333333333333313
51.1067 	EXP 	slider: markerPos = 2.3333333333333317
51.1235 	EXP 	slider: markerPos = 3.0000000000000027
51.1398 	EXP 	slider: markerPos = 3.666666666666668
51.1564 	EXP 	slider: markerPos = 4.333333333333334
51.1732 	EXP 	slider: markerPos = 4.833333333333334
51.1900 	EXP 	slider: markerPos = 5.333333333333334
51.2064 	EXP 	slider: markerPos = 6.333333333333336
51.2231 	EXP 	slider: markerPos = 7.833333333333331
51.2401 	EXP 	slider: markerPos = 9.166666666666668
51.2563 	EXP 	slider: markerPos = 10.666666666666668
51.2731 	EXP 	slider: markerPos = 11.833333333333334
51.2898 	EXP 	slider: markerPos = 12.333333333333336
51.3064 	EXP 	slider: markerPos = 12.666666666666664
51.3231 	EXP 	slider: markerPos = 12.833333333333336
51.3397 	EXP 	slider: markerPos = 13.166666666666666
51.3564 	EXP 	slider: markerPos = 13.333333333333336
51.3733 	EXP 	slider: markerPos = 13.666666666666666
51.3902 	EXP 	slider: markerPos = 13.83333333333333
51.4065 	EXP 	slider: markerPos = 14.166666666666666
51.4233 	EXP 	slider: markerPos = 14.666666666666666
51.4399 	EXP 	slider: markerPos = 15.166666666666668
51.4564 	EXP 	slider: markerPos = 16.166666666666668
51.4729 	EXP 	slider: markerPos = 17.0
51.4898 	EXP 	slider: markerPos = 19.0
51.5065 	EXP 	slider: markerPos = 21.333333333333332
51.5229 	EXP 	slider: markerPos = 22.499999999999996
51.5398 	EXP 	slider: markerPos = 24.5
51.5562 	EXP 	slider: markerPos = 27.333333333333332
51.5729 	EXP 	slider: markerPos = 28.666666666666664
51.5898 	EXP 	slider: markerPos = 29.500000000000004
51.6065 	EXP 	slider: markerPos = 29.500000000000004
51.6229 	EXP 	slider: markerPos = 29.666666666666664
51.6399 	EXP 	slider: markerPos = 29.666666666666664
51.6563 	EXP 	slider: markerPos = 29.666666666666664
51.6729 	EXP 	slider: markerPos = 29.666666666666664
51.6898 	EXP 	slider: markerPos = 29.666666666666664
51.7065 	EXP 	slider: markerPos = 29.666666666666664
51.7229 	EXP 	slider: markerPos = 29.666666666666664
51.7398 	EXP 	slider: markerPos = 29.666666666666664
51.7565 	EXP 	slider: markerPos = 29.666666666666664
51.7731 	EXP 	slider: markerPos = 29.666666666666664
51.7761 	DATA 	Mouse:  Left button up, pos=(278,149)
51.7900 	EXP 	slider: markerPos = 29.666666666666664
52.4755 	DATA 	Mouse: Left button down, pos=(278,162)
52.4896 	EXP 	slider: markerPos = 29.666666666666664
52.5059 	EXP 	slider: markerPos = 29.666666666666664
52.5227 	EXP 	slider: markerPos = 29.666666666666664
52.5395 	EXP 	slider: markerPos = 29.666666666666664
52.5559 	EXP 	slider: markerPos = 29.666666666666664
52.5727 	EXP 	slider: markerPos = 30.333333333333336
52.5896 	EXP 	slider: markerPos = 31.333333333333336
52.6059 	EXP 	slider: markerPos = 33.166666666666664
52.6227 	EXP 	slider: markerPos = 36.16666666666667
52.6395 	EXP 	slider: markerPos = 37.0
52.6560 	EXP 	slider: markerPos = 39.33333333333333
52.6726 	EXP 	slider: markerPos = 40.166666666666664
52.6897 	EXP 	slider: markerPos = 40.166666666666664
52.7061 	EXP 	slider: markerPos = 40.33333333333333
52.7229 	EXP 	slider: markerPos = 40.33333333333333
52.7398 	EXP 	slider: markerPos = 40.33333333333333
52.7561 	EXP 	slider: markerPos = 40.33333333333333
52.7724 	EXP 	slider: markerPos = 40.33333333333333
52.7894 	EXP 	slider: markerPos = 40.33333333333333
52.8059 	EXP 	slider: markerPos = 40.33333333333333
52.8228 	EXP 	slider: markerPos = 40.33333333333333
52.8395 	EXP 	slider: markerPos = 40.33333333333333
52.8562 	EXP 	slider: markerPos = 40.33333333333333
52.8727 	EXP 	slider: markerPos = 40.33333333333333
52.8894 	EXP 	slider: markerPos = 40.33333333333333
52.9062 	EXP 	slider: markerPos = 40.33333333333333
52.9227 	EXP 	slider: markerPos = 40.33333333333333
52.9396 	EXP 	slider: markerPos = 40.33333333333333
52.9562 	EXP 	slider: markerPos = 40.33333333333333
52.9724 	EXP 	slider: markerPos = 40.33333333333333
52.9893 	EXP 	slider: markerPos = 40.33333333333333
53.0059 	EXP 	slider: markerPos = 40.33333333333333
53.0224 	EXP 	slider: markerPos = 40.33333333333333
53.0395 	EXP 	slider: markerPos = 40.33333333333333
53.0563 	EXP 	slider: markerPos = 40.33333333333333
53.0724 	EXP 	slider: markerPos = 42.666666666666664
53.0893 	EXP 	slider: markerPos = 44.166666666666664
53.1058 	EXP 	slider: markerPos = 50.16666666666667
53.1223 	EXP 	slider: markerPos = 52.666666666666664
53.1392 	EXP 	slider: markerPos = 53.666666666666664
53.1559 	EXP 	slider: markerPos = 53.833333333333336
53.1723 	EXP 	slider: markerPos = 53.833333333333336
53.1894 	EXP 	slider: markerPos = 53.833333333333336
53.2058 	EXP 	slider: markerPos = 53.833333333333336
53.2223 	EXP 	slider: markerPos = 53.833333333333336
53.2393 	EXP 	slider: markerPos = 53.833333333333336
53.2559 	EXP 	slider: markerPos = 53.833333333333336
53.2723 	EXP 	slider: markerPos = 53.833333333333336
53.2892 	EXP 	slider: markerPos = 53.833333333333336
53.3059 	EXP 	slider: markerPos = 53.833333333333336
53.3223 	EXP 	slider: markerPos = 53.833333333333336
53.3395 	EXP 	slider: markerPos = 53.833333333333336
53.3560 	EXP 	slider: markerPos = 53.833333333333336
53.3723 	EXP 	slider: markerPos = 53.833333333333336
53.3891 	EXP 	slider: markerPos = 53.833333333333336
53.4057 	EXP 	slider: markerPos = 53.833333333333336
53.4222 	EXP 	slider: markerPos = 53.833333333333336
53.4392 	EXP 	slider: markerPos = 53.833333333333336
53.4559 	EXP 	slider: markerPos = 53.833333333333336
53.4722 	EXP 	slider: markerPos = 53.833333333333336
53.4892 	EXP 	slider: markerPos = 53.833333333333336
53.5058 	EXP 	slider: markerPos = 53.833333333333336
53.5223 	EXP 	slider: markerPos = 53.833333333333336
53.5392 	EXP 	slider: markerPos = 53.833333333333336
53.5556 	EXP 	slider: markerPos = 53.833333333333336
53.5722 	EXP 	slider: markerPos = 53.833333333333336
53.5891 	EXP 	slider: markerPos = 53.666666666666664
53.6056 	EXP 	slider: markerPos = 53.333333333333336
53.6222 	EXP 	slider: markerPos = 52.83333333333333
53.6392 	EXP 	slider: markerPos = 52.33333333333333
53.6559 	EXP 	slider: markerPos = 51.83333333333333
53.6723 	EXP 	slider: markerPos = 51.66666666666667
53.6893 	EXP 	slider: markerPos = 51.5
53.7057 	EXP 	slider: markerPos = 51.16666666666667
53.7223 	EXP 	slider: markerPos = 50.66666666666667
53.7389 	EXP 	slider: markerPos = 50.5
53.7558 	EXP 	slider: markerPos = 50.5
53.7722 	EXP 	slider: markerPos = 50.5
53.7890 	EXP 	slider: markerPos = 50.5
53.8055 	EXP 	slider: markerPos = 50.5
53.8222 	EXP 	slider: markerPos = 50.5
53.8389 	EXP 	slider: markerPos = 50.5
53.8554 	EXP 	slider: markerPos = 50.5
53.8723 	EXP 	slider: markerPos = 50.5
53.8891 	EXP 	slider: markerPos = 50.5
53.9055 	EXP 	slider: markerPos = 50.5
53.9222 	EXP 	slider: markerPos = 50.5
53.9391 	EXP 	slider: markerPos = 50.5
53.9555 	EXP 	slider: markerPos = 50.66666666666667
53.9722 	EXP 	slider: markerPos = 51.83333333333333
53.9891 	EXP 	slider: markerPos = 53.166666666666664
54.0054 	EXP 	slider: markerPos = 55.00000000000001
54.0225 	EXP 	slider: markerPos = 57.166666666666664
54.0393 	EXP 	slider: markerPos = 62.16666666666667
54.0555 	EXP 	slider: markerPos = 63.66666666666667
54.0723 	EXP 	slider: markerPos = 66.5
54.0888 	EXP 	slider: markerPos = 70.16666666666667
54.1053 	EXP 	slider: markerPos = 71.66666666666667
54.1223 	EXP 	slider: markerPos = 73.16666666666667
54.1388 	EXP 	slider: markerPos = 74.5
54.1553 	EXP 	slider: markerPos = 75.33333333333334
54.1722 	EXP 	slider: markerPos = 76.0
54.1890 	EXP 	slider: markerPos = 77.16666666666667
54.2054 	EXP 	slider: markerPos = 77.5
54.2222 	EXP 	slider: markerPos = 78.0
54.2389 	EXP 	slider: markerPos = 78.66666666666666
54.2553 	EXP 	slider: markerPos = 78.66666666666666
54.2721 	EXP 	slider: markerPos = 78.83333333333333
54.2890 	EXP 	slider: markerPos = 78.83333333333333
54.3053 	EXP 	slider: markerPos = 78.83333333333333
54.3221 	EXP 	slider: markerPos = 78.83333333333333
54.3390 	EXP 	slider: markerPos = 78.83333333333333
54.3556 	EXP 	slider: markerPos = 78.83333333333333
54.3722 	EXP 	slider: markerPos = 78.83333333333333
54.3891 	EXP 	slider: markerPos = 78.83333333333333
54.4058 	EXP 	slider: markerPos = 78.83333333333333
54.4220 	EXP 	slider: markerPos = 78.83333333333333
54.4388 	EXP 	slider: markerPos = 78.83333333333333
54.4552 	EXP 	slider: markerPos = 78.83333333333333
54.4720 	EXP 	slider: markerPos = 78.83333333333333
54.4888 	EXP 	slider: markerPos = 78.83333333333333
54.5052 	EXP 	slider: markerPos = 78.83333333333333
54.5221 	EXP 	slider: markerPos = 78.83333333333333
54.5388 	EXP 	slider: markerPos = 78.83333333333333
54.5554 	EXP 	slider: markerPos = 78.83333333333333
54.5720 	EXP 	slider: markerPos = 78.83333333333333
54.5889 	EXP 	slider: markerPos = 78.83333333333333
54.6052 	EXP 	slider: markerPos = 78.83333333333333
54.6221 	EXP 	slider: markerPos = 78.83333333333333
54.6392 	EXP 	slider: markerPos = 78.83333333333333
54.6554 	EXP 	slider: markerPos = 78.83333333333333
54.6723 	EXP 	slider: markerPos = 78.83333333333333
54.6888 	EXP 	slider: markerPos = 78.83333333333333
54.7053 	EXP 	slider: markerPos = 78.83333333333333
54.7219 	EXP 	slider: markerPos = 78.83333333333333
54.7389 	EXP 	slider: markerPos = 78.83333333333333
54.7552 	EXP 	slider: markerPos = 78.83333333333333
54.7718 	EXP 	slider: markerPos = 78.83333333333333
54.7885 	EXP 	slider: markerPos = 78.83333333333333
54.8052 	EXP 	slider: markerPos = 78.83333333333333
54.8219 	EXP 	slider: markerPos = 78.83333333333333
54.8384 	EXP 	slider: markerPos = 78.83333333333333
54.8553 	EXP 	slider: markerPos = 78.83333333333333
54.8719 	EXP 	slider: markerPos = 78.83333333333333
54.8884 	EXP 	slider: markerPos = 78.83333333333333
54.9053 	EXP 	slider: markerPos = 78.83333333333333
54.9219 	EXP 	slider: markerPos = 78.83333333333333
54.9385 	EXP 	slider: markerPos = 78.83333333333333
54.9553 	EXP 	slider: markerPos = 78.83333333333333
54.9714 	EXP 	slider: markerPos = 78.83333333333333
54.9881 	EXP 	slider: markerPos = 78.83333333333333
55.0048 	EXP 	slider: markerPos = 78.83333333333333
55.0212 	EXP 	slider: markerPos = 78.83333333333333
55.0379 	EXP 	slider: markerPos = 78.33333333333333
55.0550 	EXP 	slider: markerPos = 76.5
55.0715 	EXP 	slider: markerPos = 73.66666666666667
55.0882 	EXP 	slider: markerPos = 72.33333333333334
55.1048 	EXP 	slider: markerPos = 70.83333333333334
55.1214 	EXP 	slider: markerPos = 69.83333333333334
55.1383 	EXP 	slider: markerPos = 68.83333333333333
55.1549 	EXP 	slider: markerPos = 68.16666666666666
55.1712 	EXP 	slider: markerPos = 67.0
55.1881 	EXP 	slider: markerPos = 66.83333333333333
55.2048 	EXP 	slider: markerPos = 66.33333333333333
55.2212 	EXP 	slider: markerPos = 66.0
55.2378 	EXP 	slider: markerPos = 65.66666666666667
55.2548 	EXP 	slider: markerPos = 65.66666666666667
55.2711 	EXP 	slider: markerPos = 65.66666666666667
55.2879 	EXP 	slider: markerPos = 65.5
55.3047 	EXP 	slider: markerPos = 65.33333333333333
55.3214 	EXP 	slider: markerPos = 65.33333333333333
55.3381 	EXP 	slider: markerPos = 65.33333333333333
55.3549 	EXP 	slider: markerPos = 65.33333333333333
55.3717 	EXP 	slider: markerPos = 65.33333333333333
55.3881 	EXP 	slider: markerPos = 65.16666666666666
55.4048 	EXP 	slider: markerPos = 65.16666666666666
55.4212 	EXP 	slider: markerPos = 65.16666666666666
55.4381 	EXP 	slider: markerPos = 65.16666666666666
55.4546 	EXP 	slider: markerPos = 65.16666666666666
55.4711 	EXP 	slider: markerPos = 65.16666666666666
55.4880 	EXP 	slider: markerPos = 65.16666666666666
55.5046 	EXP 	slider: markerPos = 65.16666666666666
55.5211 	EXP 	slider: markerPos = 65.16666666666666
55.5380 	EXP 	slider: markerPos = 65.16666666666666
55.5546 	EXP 	slider: markerPos = 65.16666666666666
55.5710 	EXP 	slider: markerPos = 65.16666666666666
55.5879 	EXP 	slider: markerPos = 65.16666666666666
55.6044 	EXP 	slider: markerPos = 65.16666666666666
55.6211 	EXP 	slider: markerPos = 65.16666666666666
55.6382 	EXP 	slider: markerPos = 65.16666666666666
55.6548 	EXP 	slider: markerPos = 65.16666666666666
55.6719 	EXP 	slider: markerPos = 65.16666666666666
55.6880 	EXP 	slider: markerPos = 65.16666666666666
55.7044 	EXP 	slider: markerPos = 65.16666666666666
55.7210 	EXP 	slider: markerPos = 65.16666666666666
55.7381 	EXP 	slider: markerPos = 65.16666666666666
55.7546 	EXP 	slider: markerPos = 65.16666666666666
55.7709 	EXP 	slider: markerPos = 65.16666666666666
55.7880 	EXP 	slider: markerPos = 65.16666666666666
55.8045 	EXP 	slider: markerPos = 65.16666666666666
55.8210 	EXP 	slider: markerPos = 65.16666666666666
55.8379 	EXP 	slider: markerPos = 65.16666666666666
55.8545 	EXP 	slider: markerPos = 65.16666666666666
55.8710 	EXP 	slider: markerPos = 65.16666666666666
55.8880 	EXP 	slider: markerPos = 65.16666666666666
55.9045 	EXP 	slider: markerPos = 65.16666666666666
55.9210 	EXP 	slider: markerPos = 65.16666666666666
55.9379 	EXP 	slider: markerPos = 65.16666666666666
55.9544 	EXP 	slider: markerPos = 65.16666666666666
55.9710 	EXP 	slider: markerPos = 65.16666666666666
55.9879 	EXP 	slider: markerPos = 65.16666666666666
56.0047 	EXP 	slider: markerPos = 65.16666666666666
56.0212 	EXP 	slider: markerPos = 65.16666666666666
56.0382 	EXP 	slider: markerPos = 65.16666666666666
56.0543 	EXP 	slider: markerPos = 65.16666666666666
56.0710 	EXP 	slider: markerPos = 65.16666666666666
56.0877 	EXP 	slider: markerPos = 65.16666666666666
56.1043 	EXP 	slider: markerPos = 65.16666666666666
56.1210 	EXP 	slider: markerPos = 65.16666666666666
56.1377 	EXP 	slider: markerPos = 65.16666666666666
56.1543 	EXP 	slider: markerPos = 65.16666666666666
56.1709 	EXP 	slider: markerPos = 65.16666666666666
56.1877 	EXP 	slider: markerPos = 65.16666666666666
56.2043 	EXP 	slider: markerPos = 65.16666666666666
56.2210 	EXP 	slider: markerPos = 65.16666666666666
56.2377 	EXP 	slider: markerPos = 65.16666666666666
56.2542 	EXP 	slider: markerPos = 65.16666666666666
56.2709 	EXP 	slider: markerPos = 65.16666666666666
56.2877 	EXP 	slider: markerPos = 65.16666666666666
56.3042 	EXP 	slider: markerPos = 65.16666666666666
56.3210 	EXP 	slider: markerPos = 65.16666666666666
56.3377 	EXP 	slider: markerPos = 65.16666666666666
56.3544 	EXP 	slider: markerPos = 65.16666666666666
56.3711 	EXP 	slider: markerPos = 65.16666666666666
56.3880 	EXP 	slider: markerPos = 65.16666666666666
56.4041 	EXP 	slider: markerPos = 65.16666666666666
56.4209 	EXP 	slider: markerPos = 65.16666666666666
56.4377 	EXP 	slider: markerPos = 65.16666666666666
56.4541 	EXP 	slider: markerPos = 65.16666666666666
56.4710 	EXP 	slider: markerPos = 65.16666666666666
56.4876 	EXP 	slider: markerPos = 65.16666666666666
56.5042 	EXP 	slider: markerPos = 65.16666666666666
56.5209 	EXP 	slider: markerPos = 65.16666666666666
56.5377 	EXP 	slider: markerPos = 65.16666666666666
56.5541 	EXP 	slider: markerPos = 65.16666666666666
56.5709 	EXP 	slider: markerPos = 65.16666666666666
56.5875 	EXP 	slider: markerPos = 65.16666666666666
56.6040 	EXP 	slider: markerPos = 64.16666666666666
56.6211 	EXP 	slider: markerPos = 62.5
56.6377 	EXP 	slider: markerPos = 61.66666666666667
56.6540 	EXP 	slider: markerPos = 61.16666666666667
56.6709 	EXP 	slider: markerPos = 60.5
56.6875 	EXP 	slider: markerPos = 59.66666666666667
56.7041 	EXP 	slider: markerPos = 59.333333333333336
56.7209 	EXP 	slider: markerPos = 58.833333333333336
56.7375 	EXP 	slider: markerPos = 58.5
56.7540 	EXP 	slider: markerPos = 58.333333333333336
56.7709 	EXP 	slider: markerPos = 58.166666666666664
56.7875 	EXP 	slider: markerPos = 57.99999999999999
56.8040 	EXP 	slider: markerPos = 57.99999999999999
56.8208 	EXP 	slider: markerPos = 57.99999999999999
56.8375 	EXP 	slider: markerPos = 57.99999999999999
56.8542 	EXP 	slider: markerPos = 57.666666666666664
56.8575 	DATA 	Mouse:  Left button up, pos=(446,129)
56.8706 	EXP 	slider: markerPos = 57.666666666666664
57.6402 	DATA 	Mouse: Left button down, pos=(428,134)
58.0901 	DATA 	Mouse:  Left button up, pos=(422,134)
58.6231 	DATA 	Mouse: Left button down, pos=(430,156)
58.6371 	EXP 	slider: markerPos = 55.00000000000001
58.6538 	EXP 	slider: markerPos = 54.50000000000001
58.6703 	EXP 	slider: markerPos = 53.166666666666664
58.6869 	EXP 	slider: markerPos = 50.16666666666667
58.7037 	EXP 	slider: markerPos = 47.0
58.7203 	EXP 	slider: markerPos = 44.833333333333336
58.7369 	EXP 	slider: markerPos = 39.166666666666664
58.7536 	EXP 	slider: markerPos = 37.5
58.7700 	EXP 	slider: markerPos = 35.66666666666667
58.7870 	EXP 	slider: markerPos = 34.833333333333336
58.8040 	EXP 	slider: markerPos = 34.5
58.8201 	EXP 	slider: markerPos = 34.333333333333336
58.8367 	EXP 	slider: markerPos = 34.166666666666664
58.8536 	EXP 	slider: markerPos = 34.0
58.8700 	EXP 	slider: markerPos = 33.833333333333336
58.8867 	EXP 	slider: markerPos = 33.833333333333336
58.9035 	EXP 	slider: markerPos = 33.666666666666664
58.9200 	EXP 	slider: markerPos = 33.666666666666664
58.9367 	EXP 	slider: markerPos = 33.666666666666664
58.9535 	EXP 	slider: markerPos = 33.666666666666664
58.9703 	EXP 	slider: markerPos = 33.666666666666664
58.9867 	EXP 	slider: markerPos = 33.666666666666664
58.9897 	DATA 	Mouse:  Left button up, pos=(302,164)
59.0038 	EXP 	slider: markerPos = 33.666666666666664
59.9733 	DATA 	Mouse: Left button down, pos=(301,165)
59.9863 	EXP 	slider: markerPos = 33.5
60.0032 	EXP 	slider: markerPos = 33.5
60.0200 	EXP 	slider: markerPos = 33.5
60.0365 	EXP 	slider: markerPos = 33.5
60.0534 	EXP 	slider: markerPos = 33.666666666666664
60.0699 	EXP 	slider: markerPos = 34.5
60.0865 	EXP 	slider: markerPos = 36.333333333333336
60.1032 	EXP 	slider: markerPos = 38.5
60.1196 	EXP 	slider: markerPos = 41.66666666666667
60.1363 	EXP 	slider: markerPos = 44.666666666666664
60.1529 	EXP 	slider: markerPos = 48.333333333333336
60.1698 	EXP 	slider: markerPos = 50.5
60.1863 	EXP 	slider: markerPos = 51.33333333333333
60.2029 	EXP 	slider: markerPos = 51.83333333333333
60.2197 	EXP 	slider: markerPos = 52.0
60.2363 	EXP 	slider: markerPos = 52.0
60.2528 	EXP 	slider: markerPos = 52.16666666666667
60.2697 	EXP 	slider: markerPos = 52.33333333333333
60.2862 	EXP 	slider: markerPos = 52.33333333333333
60.3033 	EXP 	slider: markerPos = 52.5
60.3200 	EXP 	slider: markerPos = 52.83333333333333
60.3366 	EXP 	slider: markerPos = 53.5
60.3528 	EXP 	slider: markerPos = 54.166666666666664
60.3697 	EXP 	slider: markerPos = 54.333333333333336
60.3863 	EXP 	slider: markerPos = 54.833333333333336
60.4028 	EXP 	slider: markerPos = 55.333333333333336
60.4197 	EXP 	slider: markerPos = 55.50000000000001
60.4363 	EXP 	slider: markerPos = 55.666666666666664
60.4528 	EXP 	slider: markerPos = 55.666666666666664
60.4697 	EXP 	slider: markerPos = 55.666666666666664
60.4863 	EXP 	slider: markerPos = 55.666666666666664
60.5028 	EXP 	slider: markerPos = 55.666666666666664
60.5197 	EXP 	slider: markerPos = 55.666666666666664
60.5362 	EXP 	slider: markerPos = 55.666666666666664
60.5527 	EXP 	slider: markerPos = 55.666666666666664
60.5697 	EXP 	slider: markerPos = 55.666666666666664
60.5863 	EXP 	slider: markerPos = 55.666666666666664
60.6028 	EXP 	slider: markerPos = 55.666666666666664
60.6196 	EXP 	slider: markerPos = 55.666666666666664
60.6362 	EXP 	slider: markerPos = 55.666666666666664
60.6529 	EXP 	slider: markerPos = 55.666666666666664
60.6697 	EXP 	slider: markerPos = 55.666666666666664
60.6860 	EXP 	slider: markerPos = 55.666666666666664
60.7027 	EXP 	slider: markerPos = 55.666666666666664
60.7196 	EXP 	slider: markerPos = 55.666666666666664
60.7361 	EXP 	slider: markerPos = 55.666666666666664
60.7527 	EXP 	slider: markerPos = 55.666666666666664
60.7696 	EXP 	slider: markerPos = 55.666666666666664
60.7862 	EXP 	slider: markerPos = 55.666666666666664
60.8027 	EXP 	slider: markerPos = 55.666666666666664
60.8195 	EXP 	slider: markerPos = 55.666666666666664
60.8361 	EXP 	slider: markerPos = 55.666666666666664
60.8527 	EXP 	slider: markerPos = 55.666666666666664
60.8693 	EXP 	slider: markerPos = 55.666666666666664
60.8861 	EXP 	slider: markerPos = 55.666666666666664
60.9026 	EXP 	slider: markerPos = 55.666666666666664
60.9195 	EXP 	slider: markerPos = 55.666666666666664
60.9366 	EXP 	slider: markerPos = 55.666666666666664
60.9530 	EXP 	slider: markerPos = 55.666666666666664
60.9696 	EXP 	slider: markerPos = 55.666666666666664
60.9860 	EXP 	slider: markerPos = 55.666666666666664
61.0026 	EXP 	slider: markerPos = 55.666666666666664
61.0193 	EXP 	slider: markerPos = 55.50000000000001
61.0360 	EXP 	slider: markerPos = 55.333333333333336
61.0527 	EXP 	slider: markerPos = 55.00000000000001
61.0693 	EXP 	slider: markerPos = 54.50000000000001
61.0860 	EXP 	slider: markerPos = 54.166666666666664
61.1027 	EXP 	slider: markerPos = 53.833333333333336
61.1194 	EXP 	slider: markerPos = 53.0
61.1360 	EXP 	slider: markerPos = 52.666666666666664
61.1527 	EXP 	slider: markerPos = 52.16666666666667
61.1693 	EXP 	slider: markerPos = 51.66666666666667
61.1860 	EXP 	slider: markerPos = 51.5
61.2027 	EXP 	slider: markerPos = 51.16666666666667
61.2193 	EXP 	slider: markerPos = 50.83333333333333
61.2360 	EXP 	slider: markerPos = 50.66666666666667
61.2525 	EXP 	slider: markerPos = 50.5
61.2692 	EXP 	slider: markerPos = 50.33333333333333
61.2863 	EXP 	slider: markerPos = 50.33333333333333
61.3030 	EXP 	slider: markerPos = 50.16666666666667
61.3192 	EXP 	slider: markerPos = 50.0
61.3360 	EXP 	slider: markerPos = 49.833333333333336
61.3527 	EXP 	slider: markerPos = 49.833333333333336
61.3692 	EXP 	slider: markerPos = 49.666666666666664
61.3860 	EXP 	slider: markerPos = 49.666666666666664
61.4026 	EXP 	slider: markerPos = 49.5
61.4192 	EXP 	slider: markerPos = 49.5
61.4360 	EXP 	slider: markerPos = 49.5
61.4526 	EXP 	slider: markerPos = 49.5
61.4693 	EXP 	slider: markerPos = 49.5
61.4860 	EXP 	slider: markerPos = 49.5
61.5026 	EXP 	slider: markerPos = 49.5
61.5192 	EXP 	slider: markerPos = 49.5
61.5359 	EXP 	slider: markerPos = 49.5
61.5526 	EXP 	slider: markerPos = 49.5
61.5691 	EXP 	slider: markerPos = 49.5
61.5859 	EXP 	slider: markerPos = 49.5
61.6026 	EXP 	slider: markerPos = 49.5
61.6191 	EXP 	slider: markerPos = 49.5
61.6360 	EXP 	slider: markerPos = 49.5
61.6531 	EXP 	slider: markerPos = 49.5
61.6694 	EXP 	slider: markerPos = 49.5
61.6860 	EXP 	slider: markerPos = 49.5
61.7026 	EXP 	slider: markerPos = 49.5
61.7190 	EXP 	slider: markerPos = 49.5
61.7359 	EXP 	slider: markerPos = 49.5
61.7526 	EXP 	slider: markerPos = 49.5
61.7691 	EXP 	slider: markerPos = 49.5
61.7858 	EXP 	slider: markerPos = 49.5
61.8026 	EXP 	slider: markerPos = 49.5
61.8191 	EXP 	slider: markerPos = 49.5
61.8358 	EXP 	slider: markerPos = 49.5
61.8386 	DATA 	Mouse:  Left button up, pos=(397,145)
61.8523 	EXP 	slider: markerPos = 49.5
66.7886 	DATA 	Mouse: Left button down, pos=(695,508)
66.9037 	DATA 	Mouse:  Left button up, pos=(695,508)
67.7733 	DATA 	Keypress: escape
67.8033 	EXP 	slider: status = STOPPED
67.8176 	EXP 	slider: autoDraw = False
67.8202 	EXP 	slider: status = STOPPED
67.8342 	INFO 	saved data to 'C:\\Users\\erang\\Desktop\\Reading_task\\psychopy_experiment\\data/460951_slider_2024-06-19_14h22.11.549.csv'
67.8399 	INFO 	saved data to C:\Users\erang\Desktop\Reading_task\psychopy_experiment\data/460951_slider_2024-06-19_14h22.11.549.psydat
67.8749 	EXP 	window1: mouseVisible = True
68.5071 	DEBUG 	Saving data for slider ExperimentHandler
