100.0256 	DEBUG 	Fullscreen settings ignored as running in pilot mode.
100.0266 	INFO 	Loaded monitor calibration from ['2023_02_15 11:47']
101.1475 	EXP 	Created window1 = Window(allowGUI=True, allowStencil=False, autoLog=True, backendConf=UNKNOWN, backgroundFit=<method-wrapper '__getattribute__' of attributeSetter object at 0x00000220D3350E20>, backgroundImage=<method-wrapper '__getattribute__' of attributeSetter object at 0x00000220D3350DC0>, bitsMode=UNKNOWN, blendMode='avg', bpc=(8, 8, 8), color=array([0, 0, 0]), colorSpace='rgb', depthBits=8, fullscr=<method-wrapper '__getattribute__' of attributeSetter object at 0x00000220D3350C10>, gamma=None, gammaErrorPolicy='raise', infoMsg=UNKNOWN, lms=UNKNOWN, monitor=<psychopy.monitors.calibTools.Monitor object at 0x00000220D889D370>, multiSample=False, name='window1', numSamples=2, pos=[560.0, 240.0], screen=0, size=array([800, 600]), stencilBits=0, stereo=False, title='PsychoPy', units='height', useFBO=True, useRetina=False, viewOri=0.0, viewPos=None, viewScale=None, waitBlanking=True, winType='pyglet')
101.1476 	EXP 	window1: mouseVisible = True
101.1476 	EXP 	window1: backgroundImage = ''
101.1476 	EXP 	window1: backgroundFit = 'none'
101.1478 	EXP 	window1: mouseVisible = True
101.1480 	EXP 	window1: mouseVisible = True
101.1500 	EXP 	window1: mouseVisible = True
101.1507 	EXP 	window1: mouseVisible = True
101.1683 	DEBUG 	TextBox2 loaded 1 chars with 0 blanks and 1 valid
101.1702 	DEBUG 	TextBox2 loaded 1 chars with 0 blanks and 1 valid
101.1723 	DEBUG 	TextBox2 loaded 1 chars with 0 blanks and 1 valid
101.1745 	DEBUG 	TextBox2 loaded 1 chars with 0 blanks and 1 valid
101.1767 	DEBUG 	TextBox2 loaded 1 chars with 0 blanks and 1 valid
101.1783 	DEBUG 	TextBox2 loaded 1 chars with 0 blanks and 1 valid
101.1804 	DEBUG 	TextBox2 loaded 1 chars with 0 blanks and 1 valid
101.1827 	DEBUG 	TextBox2 loaded 1 chars with 0 blanks and 1 valid
101.1842 	DEBUG 	TextBox2 loaded 1 chars with 0 blanks and 1 valid
101.1858 	DEBUG 	TextBox2 loaded 1 chars with 0 blanks and 1 valid
101.1878 	DEBUG 	TextBox2 loaded 1 chars with 0 blanks and 1 valid
101.1898 	DEBUG 	TextBox2 loaded 1 chars with 0 blanks and 1 valid
101.1917 	DEBUG 	TextBox2 loaded 1 chars with 0 blanks and 1 valid
101.1936 	DEBUG 	TextBox2 loaded 1 chars with 0 blanks and 1 valid
101.1955 	DEBUG 	TextBox2 loaded 1 chars with 0 blanks and 1 valid
101.1975 	DEBUG 	TextBox2 loaded 1 chars with 0 blanks and 1 valid
101.1995 	DEBUG 	TextBox2 loaded 1 chars with 0 blanks and 1 valid
101.2011 	DEBUG 	TextBox2 loaded 1 chars with 0 blanks and 1 valid
101.2029 	DEBUG 	TextBox2 loaded 1 chars with 0 blanks and 1 valid
101.2053 	DEBUG 	TextBox2 loaded 1 chars with 0 blanks and 1 valid
101.2069 	DEBUG 	TextBox2 loaded 1 chars with 0 blanks and 1 valid
101.2073 	DEBUG 	Uploading Texture Font fontname to graphics card
101.2274 	DEBUG 	Upload of Texture Font fontname complete
101.2293 	EXP 	window1: mouseVisible = True
101.2295 	EXP 	window1: mouseVisible = True
101.2302 	EXP 	window1: mouseVisible = True
101.2309 	EXP 	window1: mouseVisible = True
101.2468 	DEBUG 	TextBox2 loaded 1 chars with 0 blanks and 1 valid
101.2490 	DEBUG 	TextBox2 loaded 1 chars with 0 blanks and 1 valid
101.2514 	DEBUG 	TextBox2 loaded 1 chars with 0 blanks and 1 valid
101.2518 	DEBUG 	Uploading Texture Font fontname to graphics card
101.2723 	DEBUG 	Upload of Texture Font fontname complete
101.2748 	EXP 	window1: Attempting to measure frame rate of screen (0) ...
101.2750 	EXP 	window1: recordFrameIntervals = False
101.4622 	EXP 	window1: recordFrameIntervals = True
101.6459 	EXP 	Screen (0) actual frame rate measured at 60.22Hz
101.6459 	EXP 	window1: recordFrameIntervals = False
101.6460 	EXP 	window1: mouseVisible = False
101.6464 	EXP 	window1: mouseVisible = True
101.6466 	EXP 	window1: mouseVisible = True
101.6473 	EXP 	window1: mouseVisible = True
101.6481 	EXP 	window1: mouseVisible = True
101.6632 	DEBUG 	TextBox2 loaded 1 chars with 0 blanks and 1 valid
101.6649 	DEBUG 	TextBox2 loaded 1 chars with 0 blanks and 1 valid
101.6670 	DEBUG 	TextBox2 loaded 1 chars with 0 blanks and 1 valid
101.6692 	DEBUG 	TextBox2 loaded 1 chars with 0 blanks and 1 valid
101.6714 	DEBUG 	TextBox2 loaded 1 chars with 0 blanks and 1 valid
101.6736 	DEBUG 	TextBox2 loaded 1 chars with 0 blanks and 1 valid
101.6753 	DEBUG 	TextBox2 loaded 1 chars with 0 blanks and 1 valid
101.6773 	DEBUG 	TextBox2 loaded 1 chars with 0 blanks and 1 valid
101.6797 	DEBUG 	TextBox2 loaded 1 chars with 0 blanks and 1 valid
101.6821 	DEBUG 	TextBox2 loaded 1 chars with 0 blanks and 1 valid
101.6824 	DEBUG 	Uploading Texture Font fontname to graphics card
101.6831 	DEBUG 	Upload of Texture Font fontname complete
101.6849 	EXP 	window1: mouseVisible = True
101.6851 	EXP 	window1: mouseVisible = True
101.6858 	EXP 	window1: mouseVisible = True
101.6865 	EXP 	window1: mouseVisible = True
101.7346 	WARNING 	launchHubServer: If using the iohub mouse or eyetracker devices, fullScr should be True.
105.1277 	INFO 	keyboard.Keyboard is using iohub backend.
105.1278 	EXP 	slider: status = STARTED
105.1359 	EXP 	window1: mouseVisible = True
105.1363 	EXP 	window1: mouseVisible = True
105.1383 	EXP 	window1: mouseVisible = True
105.1397 	EXP 	window1: mouseVisible = True
105.1689 	EXP 	Created slider = Slider(__class__=<class 'psychopy.visual.slider.Slider'>, autoDraw=False, autoLog=True, borderColor=None, color=None, colorSpace='rgb', depth=0, fillColor=None, flip=False, font='Open Sans', granularity=1.0, labelColor=None, labelHeight=0.05, labelWrapWidth=None, labels=None, lineColor=None, markerColor=None, name='slider', opacity=None, ori=0.0, pos=array([ 0. , -0.4]), readOnly=False, self=UNKNOWN, size=array([1. , 0.1]), startValue=None, style='slider', styleTweaks=[], ticks=array([1, 2, 3, 4, 5, 6, 7]), units='height', win=Window(...))
0.0101 	EXP 	slider: autoLog = True
0.0101 	EXP 	slider: styleTweaks = []
0.0101 	EXP 	slider: styleTweaks = []
0.0101 	EXP 	slider: styleTweaks = []
0.0101 	EXP 	slider: styleTweaks = []
0.0101 	EXP 	slider: contrast = 1.0
0.0101 	EXP 	slider: markerPos = None
0.0101 	EXP 	slider: autoLog = True
0.0651 	EXP 	slider: markerPos = None
0.0651 	EXP 	slider: markerPos = None
0.0651 	EXP 	slider: autoDraw = True
2.2063 	EXP 	window1: mouseVisible = True
2.2148 	DEBUG 	Saving data for slider ExperimentHandler
2.2191 	INFO 	saved data to C:\Users\erang\Desktop\Reading_task\psychopy_experiment\data/545095_slider_2024-06-19_13h50.03.250.psydat
2.2201 	INFO 	saved data to 'C:\\Users\\erang\\Desktop\\Reading_task\\psychopy_experiment\\data/545095_slider_2024-06-19_13h50.03.250.csv'
